<?xml version="1.0" encoding="UTF-8"?>
<!-- Generated by org.testng.reporters.JUnitReportReporter -->
<testsuite hostname="DESKTOP-VT01K59" failures="0" tests="1" name="com.InetBankig.TestCases.TC_LogIn_003" time="20.262" errors="0" timestamp="2022-12-01T18:38:17 IST" skipped="0">
  <testcase classname="com.InetBankig.TestCases.TC_LogIn_003" name="TC_003" time="20.262"/>
  <system-out/>
</testsuite> <!-- com.InetBankig.TestCases.TC_LogIn_003 -->
