<?xml version="1.0" encoding="UTF-8"?>
<!-- Generated by org.testng.reporters.JUnitReportReporter -->
<testsuite hostname="DESKTOP-VT01K59" failures="0" tests="1" name="com.InetBankig.TestCases.TC_LogIn_001" time="3.857" errors="0" timestamp="2022-11-25T22:56:23 IST" skipped="0">
  <testcase classname="com.InetBankig.TestCases.TC_LogIn_001" name="TC_001" time="3.857"/>
  <system-out/>
</testsuite> <!-- com.InetBankig.TestCases.TC_LogIn_001 -->
