<?xml version="1.0" encoding="UTF-8"?>
<!-- Generated by org.testng.reporters.JUnitReportReporter -->
<testsuite hostname="DESKTOP-VT01K59" failures="0" tests="5" name="com.InetBankig.TestCases.TC_LogIn_002" time="10.960" errors="0" timestamp="2022-11-26T21:57:27 IST" skipped="0">
  <testcase classname="com.InetBankig.TestCases.TC_LogIn_002" name="TC_002" time="2.706"/>
  <system-out/>
  <testcase classname="com.InetBankig.TestCases.TC_LogIn_002" name="TC_002" time="2.052"/>
  <system-out/>
  <testcase classname="com.InetBankig.TestCases.TC_LogIn_002" name="TC_002" time="2.438"/>
  <system-out/>
  <testcase classname="com.InetBankig.TestCases.TC_LogIn_002" name="TC_002" time="1.211"/>
  <system-out/>
  <testcase classname="com.InetBankig.TestCases.TC_LogIn_002" name="TC_002" time="2.553"/>
  <system-out/>
</testsuite> <!-- com.InetBankig.TestCases.TC_LogIn_002 -->
