<?xml version="1.0" encoding="UTF-8"?>
<!-- Generated by org.testng.reporters.JUnitReportReporter -->
<testsuite hostname="DESKTOP-VT01K59" failures="0" tests="1" name="com.InetBankig.TestCases.TC_LogIn_001" time="4.074" errors="0" timestamp="2022-11-26T21:57:27 IST" skipped="0">
  <testcase classname="com.InetBankig.TestCases.TC_LogIn_001" name="TC_001" time="4.074"/>
  <system-out/>
</testsuite> <!-- com.InetBankig.TestCases.TC_LogIn_001 -->
